<?xml version="1.0" encoding="UTF-8"?>
<!-- Generated by org.testng.reporters.JUnitReportReporter -->
<testsuite hostname="FVTIII738F1D" name="cucumber.Framework.FirstRunnerTest" tests="1" failures="0" timestamp="20 Mar 2017 09:13:39 GMT" time="71.175" errors="0">
  <testcase name="feature" time="71.175" classname="cucumber.Framework.FirstRunnerTest"/>
</testsuite> <!-- cucumber.Framework.FirstRunnerTest -->
